Build started 9/12/2013 6:04:09 PM.
     1>Project "C:\Users\fullsail\Desktop\GITHUBTest\SGP_Game.vcxproj" on node 2 (Rebuild target(s)).
     1>ClCompile:
         C:\Program Files (x86)\Microsoft Visual Studio 11.0\VC\bin\CL.exe /c /ZI /nologo /W3 /WX- /sdl /Od /Oy- /D WIN32 /D _DEBUG /D _WINDOWS /D _UNICODE /D UNICODE /Gm /EHsc /RTC1 /MDd /GS /fp:precise /Zc:wchar_t /Zc:forScope /Fo"Debug\\" /Fd"Debug\vc110.pdb" /Gd /TP /analyze- /errorReport:prompt "SGD Wrappers\CSGD_Direct3D.cpp" "SGD Wrappers\CSGD_DirectInput.cpp" "SGD Wrappers\CSGD_EventSystem.cpp" "SGD Wrappers\CSGD_MessageSystem.cpp" "SGD Wrappers\CSGD_TextureManager.cpp" "SGD Wrappers\CSGD_XAudio2.cpp" "SGD Wrappers\SGD_Math.cpp" source\AIAttackState.cpp source\AIBaseState.cpp source\AIEntryState.cpp source\AIIdleState.cpp source\AIRetreatState.cpp source\BitmapFont.cpp source\CellAnimation.cpp source\Entity.cpp source\EntityManager.cpp source\Game.cpp source\WinMain.cpp TinyXML\tinystr.cpp TinyXML\tinyxml.cpp TinyXML\tinyxmlerror.cpp TinyXML\tinyxmlparser.cpp
         tinyxmlparser.cpp
         tinyxmlerror.cpp
         tinyxml.cpp
         tinystr.cpp
         WinMain.cpp
         Game.cpp
         EntityManager.cpp
         Entity.cpp
         CellAnimation.cpp
         BitmapFont.cpp
         AIRetreatState.cpp
         AIIdleState.cpp
         AIEntryState.cpp
         AIBaseState.cpp
         AIAttackState.cpp
         SGD_Math.cpp
         CSGD_XAudio2.cpp
         CSGD_TextureManager.cpp
         CSGD_MessageSystem.cpp
         CSGD_EventSystem.cpp
         Generating Code...
         Compiling...
         CSGD_DirectInput.cpp
         CSGD_Direct3D.cpp
         Generating Code...
       Link:
         C:\Program Files (x86)\Microsoft Visual Studio 11.0\VC\bin\link.exe /ERRORREPORT:PROMPT /OUT:"C:\Users\fullsail\Desktop\GITHUBTest\Debug\SGP_Game.exe" /INCREMENTAL /NOLOGO kernel32.lib user32.lib gdi32.lib winspool.lib comdlg32.lib advapi32.lib shell32.lib ole32.lib oleaut32.lib uuid.lib odbc32.lib odbccp32.lib /MANIFEST /MANIFESTUAC:"level='asInvoker' uiAccess='false'" /manifest:embed /DEBUG /PDB:"C:\Users\fullsail\Desktop\GITHUBTest\Debug\SGP_Game.pdb" /SUBSYSTEM:WINDOWS /TLBID:1 /DYNAMICBASE /NXCOMPAT /IMPLIB:"C:\Users\fullsail\Desktop\GITHUBTest\Debug\SGP_Game.lib" /MACHINE:X86 Debug\CSGD_Direct3D.obj
         Debug\CSGD_DirectInput.obj
         Debug\CSGD_EventSystem.obj
         Debug\CSGD_MessageSystem.obj
         Debug\CSGD_TextureManager.obj
         Debug\CSGD_XAudio2.obj
         Debug\SGD_Math.obj
         Debug\AIAttackState.obj
         Debug\AIBaseState.obj
         Debug\AIEntryState.obj
         Debug\AIIdleState.obj
         Debug\AIRetreatState.obj
         Debug\BitmapFont.obj
         Debug\CellAnimation.obj
         Debug\Entity.obj
         Debug\EntityManager.obj
         Debug\Game.obj
         Debug\WinMain.obj
         Debug\tinystr.obj
         Debug\tinyxml.obj
         Debug\tinyxmlerror.obj
         Debug\tinyxmlparser.obj
         SGP_Game.vcxproj -> C:\Users\fullsail\Desktop\GITHUBTest\Debug\SGP_Game.exe
     1>Done Building Project "C:\Users\fullsail\Desktop\GITHUBTest\SGP_Game.vcxproj" (Rebuild target(s)).

Build succeeded.

Time Elapsed 00:00:10.81
